Log file created on Mon Aug 12 16:17:54 AKDT 2013
IMPORTANT:
Because updating this file after every log message would kill
performance, it will be *incomplete* unless you invoke the
Utilities->Troubleshooting->Update Activity Log on Disk command!
4:17:54 PM [main] [message] Log: When reporting bugs, please include the following information:
4:17:54 PM [main] [message] Log: java.version=1.7.0_21
4:17:54 PM [main] [message] Log: java.vm.version=23.7-b01
4:17:54 PM [main] [message] Log: java.vm.name=OpenJDK 64-Bit Server VM
4:17:54 PM [main] [message] Log: java.runtime.version=1.7.0_21-b02
4:17:54 PM [main] [message] Log: java.runtime.name=OpenJDK Runtime Environment
4:17:54 PM [main] [message] Log: java.vendor=Oracle Corporation
4:17:54 PM [main] [message] Log: java.compiler=null
4:17:54 PM [main] [message] Log: os.name=Linux
4:17:54 PM [main] [message] Log: os.version=3.8.0-25-generic
4:17:54 PM [main] [message] Log: os.arch=amd64
4:17:54 PM [main] [message] Log: user.home=/home/null
4:17:54 PM [main] [message] Log: java.home=/usr/lib/jvm/java-7-openjdk-amd64/jre
4:17:54 PM [main] [message] Log: java.class.path=/home/null/programming/graphics/omdev/compiler/jedit/jedit.jar
4:17:54 PM [main] [message] jEdit: starting with command line arguments: -settings=settings
4:17:54 PM [main] [debug] jEdit: before splash screen activation:132 ms
4:17:54 PM [main] [debug] jEdit: after splash screen activation:132 ms
4:17:54 PM [main] [debug] MiscUtilities: Saving backup of file "/home/null/programming/graphics/omdev/compiler/jedit/settings/activity.log" to "/home/null/programming/graphics/omdev/compiler/jedit/settings/settings-backup/activity.log~1~"
4:17:54 PM [main] [notice] jEdit: jEdit version 5.1.0
4:17:54 PM [main] [message] jEdit: Settings directory is /home/null/programming/graphics/omdev/compiler/jedit/settings
4:17:54 PM [main] [message] jEdit: jEdit home directory is /home/null/programming/graphics/omdev/compiler/jedit
4:17:54 PM [main] [message] BeanShell: Beanshell Init
4:17:54 PM [main] [debug] GUIUtilities: Icon theme set to: tango
4:17:54 PM [main] [debug] GUIUtilities: Loading icon theme from: jeditresource:/org/gjt/sp/jedit/icons/themes/tango/
4:17:54 PM [main] [debug] EditServer: jEdit server started on port 54452
4:17:54 PM [main] [debug] EditServer: Authorization key is 1655880312
4:17:54 PM [main] [debug] jEdit: initPLAF non-edt old=javax.swing.plaf.metal.MetalLookAndFeel requested=javax.swing.plaf.metal.MetalLookAndFeel new=javax.swing.plaf.metal.MetalLookAndFeel
4:17:54 PM [main] [debug] ActionSet: Loading actions from jar:file:/home/null/programming/graphics/omdev/compiler/jedit/jedit.jar!/org/gjt/sp/jedit/actions.xml
4:17:54 PM [main] [debug] DockableWindowManager: Loading dockables from jar:file:/home/null/programming/graphics/omdev/compiler/jedit/jedit.jar!/org/gjt/sp/jedit/dockables.xml
4:17:54 PM [AWT-EventQueue-0] [debug] EditBus: SearchSettingsChanged[source=null]
4:17:54 PM [main] [notice] jEdit: Loading plugins from /home/null/programming/graphics/omdev/compiler/jedit/jars
4:17:54 PM [AWT-EventQueue-0] [debug] EditBus: PluginUpdate[what=LOADED,exit=false,version=5.0,source=/home/null/programming/graphics/omdev/compiler/jedit/jars/QuickNotepad.jar,class=QuickNotepadPlugin]
4:17:54 PM [main] [notice] jEdit: Loading plugins from /home/null/programming/graphics/omdev/compiler/jedit/settings/jars
4:17:54 PM [AWT-EventQueue-0] [debug] EditBus: PluginUpdate[what=LOADED,exit=false,version=null,source=/home/null/programming/graphics/omdev/compiler/jedit/settings/jars/log4j-1.2.14.jar]
4:17:54 PM [AWT-EventQueue-0] [debug] EditBus: PluginUpdate[what=LOADED,exit=false,version=null,source=/home/null/programming/graphics/omdev/compiler/jedit/settings/jars/bcel-5.2.jar]
4:17:54 PM [AWT-EventQueue-0] [debug] EditBus: PluginUpdate[what=LOADED,exit=false,version=null,source=/home/null/programming/graphics/omdev/compiler/jedit/settings/jars/commons-lang-2.3.jar]
4:17:54 PM [AWT-EventQueue-0] [debug] EditBus: PluginUpdate[what=LOADED,exit=false,version=null,source=/home/null/programming/graphics/omdev/compiler/jedit/settings/jars/xmlrpc-common-3.1.jar]
4:17:54 PM [AWT-EventQueue-0] [debug] EditBus: PluginUpdate[what=LOADED,exit=false,version=null,source=/home/null/programming/graphics/omdev/compiler/jedit/settings/jars/commons-io-2.4.jar]
4:17:54 PM [AWT-EventQueue-0] [debug] EditBus: PluginUpdate[what=LOADED,exit=false,version=null,source=/home/null/programming/graphics/omdev/compiler/jedit/settings/jars/ws-commons-util-1.0.2.jar]
4:17:54 PM [AWT-EventQueue-0] [debug] EditBus: PluginUpdate[what=LOADED,exit=false,version=5.1.2,source=/home/null/programming/graphics/omdev/compiler/jedit/settings/jars/Console.jar,class=console.ConsolePlugin]
4:17:54 PM [AWT-EventQueue-0] [debug] EditBus: PluginUpdate[what=LOADED,exit=false,version=null,source=/home/null/programming/graphics/omdev/compiler/jedit/settings/jars/commons-net-1.4.1.jar]
4:17:54 PM [AWT-EventQueue-0] [debug] EditBus: PluginUpdate[what=LOADED,exit=false,version=null,source=/home/null/programming/graphics/omdev/compiler/jedit/settings/jars/commons-logging-1.1.jar]
4:17:54 PM [AWT-EventQueue-0] [debug] EditBus: PluginUpdate[what=LOADED,exit=false,version=2.1,source=/home/null/programming/graphics/omdev/compiler/jedit/settings/jars/ErrorList.jar,class=errorlist.ErrorListPlugin]
4:17:54 PM [AWT-EventQueue-0] [debug] EditBus: PluginUpdate[what=LOADED,exit=false,version=null,source=/home/null/programming/graphics/omdev/compiler/jedit/settings/jars/commons-codec-1.3.jar]
4:17:54 PM [AWT-EventQueue-0] [debug] EditBus: PluginUpdate[what=LOADED,exit=false,version=null,source=/home/null/programming/graphics/omdev/compiler/jedit/settings/jars/xmlrpc-client-3.1.jar]
4:17:54 PM [AWT-EventQueue-0] [debug] EditBus: PluginUpdate[what=LOADED,exit=false,version=null,source=/home/null/programming/graphics/omdev/compiler/jedit/settings/jars/commons-httpclient-3.0.1.jar]
4:17:54 PM [AWT-EventQueue-0] [debug] EditBus: PluginUpdate[what=LOADED,exit=false,version=0.8,source=/home/null/programming/graphics/omdev/compiler/jedit/settings/jars/JakartaCommons.jar,class=jakartacommons.JakartaCommonsPlugin]
4:17:54 PM [AWT-EventQueue-0] [debug] EditBus: PluginUpdate[what=LOADED,exit=false,version=null,source=/home/null/programming/graphics/omdev/compiler/jedit/settings/jars/commons-collections-3.2.jar]
4:17:54 PM [AWT-EventQueue-0] [debug] EditBus: PluginUpdate[what=LOADED,exit=false,version=1.2.4,source=/home/null/programming/graphics/omdev/compiler/jedit/settings/jars/BufferTabs.jar,class=buffertabs.BufferTabsPlugin]
4:17:54 PM [main] [message] HistoryModel: Loading history
4:17:54 PM [main] [message] BufferHistory: Loading /home/null/programming/graphics/omdev/compiler/jedit/settings/recent.xml
4:17:54 PM [main] [message] KillRing: Loading /home/null/programming/graphics/omdev/compiler/jedit/settings/killring.xml
4:17:54 PM [main] [debug] jEdit: initPLAF non-edt old=javax.swing.plaf.metal.MetalLookAndFeel requested=javax.swing.plaf.metal.MetalLookAndFeel new=javax.swing.plaf.metal.MetalLookAndFeel
4:17:54 PM [main] [debug] jEdit: SOCKS proxy disabled
4:17:54 PM [main] [debug] jEdit: HTTP proxy disabled
4:17:54 PM [AWT-EventQueue-0] [debug] EditBus: PropertiesChanged[source=null]
4:17:54 PM [main] [message] jEdit: Loading mode catalog file /home/null/programming/graphics/omdev/compiler/jedit/modes/catalog
4:17:54 PM [main] [message] jEdit: Loading mode catalog file /home/null/programming/graphics/omdev/compiler/jedit/settings/modes/catalog
4:17:54 PM [main] [debug] PluginJAR: Activating console.ConsolePlugin because of startup
4:17:54 PM [main] [debug] PluginJAR: Opening /home/null/programming/graphics/omdev/compiler/jedit/settings/jars/Console.jar
4:17:54 PM [AWT-EventQueue-0] [debug] EditBus: DynamicMenuChanged[menu=plugin.console.ConsolePlugin.menu,source=null]
4:17:54 PM [main] [debug] ConsolePlugin: Loaded 17 Actions
4:17:54 PM [main] [debug] PluginJAR: Opening /home/null/programming/graphics/omdev/compiler/jedit/settings/jars/ErrorList.jar
4:17:54 PM [AWT-EventQueue-0] [debug] EditBus: PluginUpdate[what=ACTIVATED,exit=false,version=2.1,source=/home/null/programming/graphics/omdev/compiler/jedit/settings/jars/ErrorList.jar,class=errorlist.ErrorListPlugin]
4:17:54 PM [main] [debug] PluginJAR: Activating buffertabs.BufferTabsPlugin because of startup
4:17:54 PM [AWT-EventQueue-0] [debug] EditBus: DynamicMenuChanged[menu=plugin.console.ConsolePlugin.menu,source=null]
4:17:54 PM [AWT-EventQueue-0] [debug] EditBus: PluginUpdate[what=ACTIVATED,exit=false,version=5.1.2,source=/home/null/programming/graphics/omdev/compiler/jedit/settings/jars/Console.jar,class=console.ConsolePlugin]
4:17:54 PM [AWT-EventQueue-0] [debug] EditBus: DynamicMenuChanged[menu=plugin.console.ConsolePlugin.menu,source=null]
4:17:54 PM [main] [debug] PluginJAR: Opening /home/null/programming/graphics/omdev/compiler/jedit/settings/jars/BufferTabs.jar
4:17:54 PM [AWT-EventQueue-0] [debug] EditBus: PluginUpdate[what=ACTIVATED,exit=false,version=1.2.4,source=/home/null/programming/graphics/omdev/compiler/jedit/settings/jars/BufferTabs.jar,class=buffertabs.BufferTabsPlugin]
4:17:54 PM [AWT-EventQueue-0] [debug] EditBus: DynamicMenuChanged[menu=plugin.console.ConsolePlugin.menu,source=null]
4:17:54 PM [main] [debug] Macros: Registered beanshell macro handler
4:17:54 PM [AWT-EventQueue-0] [debug] EditBus: DynamicMenuChanged[menu=macros,source=null]
4:17:54 PM [main] [message] BeanShell: Running script /home/null/programming/graphics/omdev/compiler/jedit/startup/startup.bsh
4:17:54 PM [main] [notice] jEdit$3: Loading edit mode /home/null/programming/graphics/omdev/compiler/jedit/modes/text.xml
4:17:54 PM [main] [debug] String: BeanShell interpreter version 2.0b4-jedit
4:17:54 PM [main] [debug] jEdit: main done:835 ms
4:17:54 PM [AWT-EventQueue-0] [message] PerspectiveManager: Loading /home/null/programming/graphics/omdev/compiler/jedit/settings/perspective.xml
4:17:55 PM [AWT-EventQueue-0] [debug] EditBus: BufferUpdate[what=PROPERTIES_CHANGED,view=null,source=Untitled-1 (~/programming/graphics/omdev/compiler/jedit/)]
4:17:55 PM [AWT-EventQueue-0] [debug] EditBus: BufferUpdate[what=CREATED,view=null,source=Untitled-1 (~/programming/graphics/omdev/compiler/jedit/)]
4:17:55 PM [AWT-EventQueue-0] [debug] EditBus: BufferUpdate[what=LOAD_STARTED,view=null,source=Untitled-1 (~/programming/graphics/omdev/compiler/jedit/)]
4:17:55 PM [AWT-EventQueue-0] [debug] EditBus: BufferUpdate[what=LOADED,view=null,source=Untitled-1 (~/programming/graphics/omdev/compiler/jedit/)]
4:17:55 PM [AWT-EventQueue-0] [debug] BufferSet: 525209450: addBufferSetListener org.gjt.sp.jedit.EditPane[inactive]
4:17:55 PM [AWT-EventQueue-0] [debug] EditBus: BufferChanging[what=BUFFER_CHANGING,source=org.gjt.sp.jedit.EditPane[inactive]]
4:17:55 PM [AWT-EventQueue-0] [debug] jEdit: checkBufferStatus for current buffer: null
4:17:55 PM [AWT-EventQueue-0] [debug] BufferSet: 525209450 addBufferAt(Untitled-1 (~/programming/graphics/omdev/compiler/jedit/),-1)
4:17:55 PM [AWT-EventQueue-0] [debug] BufferSet: 525209450: Buffer added Untitled-1 (~/programming/graphics/omdev/compiler/jedit/) at 0
4:17:55 PM [AWT-EventQueue-0] [debug] EditBus: EditPaneUpdate[what=CREATED,source=org.gjt.sp.jedit.EditPane[inactive]]
4:17:55 PM [AWT-EventQueue-0] [debug] BufferSet: 525209450: Buffer added Untitled-1 (~/programming/graphics/omdev/compiler/jedit/) at 0
4:17:55 PM [AWT-EventQueue-0] [debug] BufferSet: 525209450: addBufferSetListener buffertabs.BufferTabs[Untitled-1]
4:17:55 PM [AWT-EventQueue-0] [debug] BufferSet: 525209450 addBufferAt(Untitled-1 (~/programming/graphics/omdev/compiler/jedit/),0)
4:17:55 PM [AWT-EventQueue-0] [debug] EditBus: ViewUpdate[what=CREATED,source=org.gjt.sp.jedit.View[active]]
4:17:55 PM [AWT-EventQueue-0] [debug] EditBus: EditorStarted[source=null]
4:17:55 PM [AWT-EventQueue-0] [message] jEdit: Startup complete: 1411 ms
4:17:55 PM [AWT-EventQueue-0] [debug] DockableWindowManager: Loading dockables from jeditresource:/Console.jar!/dockables.xml
4:17:55 PM [AWT-EventQueue-0] [debug] EditBus: DockableWindowUpdate[what=ACTIVATED,dockable=console,source=org.gjt.sp.jedit.gui.DockableWindowManagerImpl[,0,36,952x934,invalid,layout=org.gjt.sp.jedit.gui.DockableLayout,alignmentX=0.0,alignmentY=0.0,border=,flags=9,maximumSize=,minimumSize=,preferredSize=]]
4:17:55 PM [AWT-EventQueue-0] [debug] EditBus: ViewUpdate[what=VIEW_ACTIVATED,source=org.gjt.sp.jedit.View[active]]
4:17:55 PM [AWT-EventQueue-0] [debug] jEdit: checkBufferStatus for all buffers
4:18:24 PM [AWT-EventQueue-0] [debug] MiscUtilities: Saving backup of file "/home/null/programming/graphics/omdev/compiler/jedit/settings/perspective.xml" to "/home/null/programming/graphics/omdev/compiler/jedit/settings/settings-backup/perspective.xml~1~"
4:24:36 PM [AWT-EventQueue-0] [debug] EditBus: ViewUpdate[what=VIEW_ACTIVATED,source=org.gjt.sp.jedit.View[active]]
4:24:36 PM [AWT-EventQueue-0] [debug] jEdit: checkBufferStatus for all buffers
4:25:35 PM [AWT-EventQueue-0] [debug] EditBus: ViewUpdate[what=VIEW_ACTIVATED,source=org.gjt.sp.jedit.View[active]]
4:25:35 PM [AWT-EventQueue-0] [debug] jEdit: checkBufferStatus for all buffers
4:27:14 PM [AWT-EventQueue-0] [debug] EditBus: ViewUpdate[what=VIEW_ACTIVATED,source=org.gjt.sp.jedit.View[active]]
4:27:14 PM [AWT-EventQueue-0] [debug] jEdit: checkBufferStatus for all buffers
